2024-04-16  9:04:21 0 [Note] Starting MariaDB 11.3.2-MariaDB source revision 068a6819eb63bcb01fdfa037c9bf3bf63c33ee42 as process 15064
2024-04-16  9:04:21 0 [Note] InnoDB: The first data file './ibdata1' did not exist. A new tablespace will be created!
2024-04-16  9:04:21 0 [Note] InnoDB: Compressed tables use zlib 1.3
2024-04-16  9:04:21 0 [Note] InnoDB: Number of transaction pools: 1
2024-04-16  9:04:21 0 [Note] InnoDB: Using crc32 + pclmulqdq instructions
2024-04-16  9:04:21 0 [Note] InnoDB: Initializing buffer pool, total size = 20.000MiB, chunk size = 1.000MiB
2024-04-16  9:04:21 0 [Note] InnoDB: Completed initialization of buffer pool
2024-04-16  9:04:21 0 [Note] InnoDB: Setting file './ibdata1' size to 12.000MiB. Physically writing the file full; Please wait ...
2024-04-16  9:04:21 0 [Note] InnoDB: File './ibdata1' size is now 12.000MiB.
2024-04-16  9:04:21 0 [Note] InnoDB: File system buffers for log disabled (block size=512 bytes)
2024-04-16  9:04:21 0 [Note] InnoDB: Data file .//undo001 did not exist: new to be created
2024-04-16  9:04:21 0 [Note] InnoDB: Setting file .//undo001 size to 10.000MiB
2024-04-16  9:04:21 0 [Note] InnoDB: Database physically writes the file full: wait...
2024-04-16  9:04:21 0 [Note] InnoDB: Data file .//undo002 did not exist: new to be created
2024-04-16  9:04:21 0 [Note] InnoDB: Setting file .//undo002 size to 10.000MiB
2024-04-16  9:04:21 0 [Note] InnoDB: Database physically writes the file full: wait...
2024-04-16  9:04:21 0 [Note] InnoDB: Data file .//undo003 did not exist: new to be created
2024-04-16  9:04:21 0 [Note] InnoDB: Setting file .//undo003 size to 10.000MiB
2024-04-16  9:04:21 0 [Note] InnoDB: Database physically writes the file full: wait...
2024-04-16  9:04:21 0 [Note] InnoDB: Doublewrite buffer not found: creating new
2024-04-16  9:04:21 0 [Note] InnoDB: Opened 3 undo tablespaces
2024-04-16  9:04:21 0 [Note] InnoDB: 128 rollback segments in 3 undo tablespaces are active.
2024-04-16  9:04:21 0 [Note] InnoDB: Setting file './ibtmp1' size to 12.000MiB. Physically writing the file full; Please wait ...
2024-04-16  9:04:21 0 [Note] InnoDB: File './ibtmp1' size is now 12.000MiB.
2024-04-16  9:04:21 0 [Note] InnoDB: log sequence number 0; transaction id 3
2024-04-16  9:04:21 0 [Note] Plugin 'FEEDBACK' is disabled.
2024-04-16  9:04:21 0 [Note] mysqld.exe: SSPI: using principal name 'localhost', mech 'Negotiate'
2024-04-16  9:04:39 0 [Note] Starting MariaDB 11.3.2-MariaDB source revision 068a6819eb63bcb01fdfa037c9bf3bf63c33ee42 as process 3912
2024-04-16  9:04:39 0 [Note] InnoDB: Compressed tables use zlib 1.3
2024-04-16  9:04:39 0 [Note] InnoDB: Number of transaction pools: 1
2024-04-16  9:04:39 0 [Note] InnoDB: Using crc32 + pclmulqdq instructions
2024-04-16  9:04:39 0 [Note] InnoDB: Initializing buffer pool, total size = 128.000MiB, chunk size = 2.000MiB
2024-04-16  9:04:39 0 [Note] InnoDB: Completed initialization of buffer pool
2024-04-16  9:04:39 0 [Note] InnoDB: File system buffers for log disabled (block size=512 bytes)
2024-04-16  9:04:39 0 [Note] InnoDB: End of log at LSN=47763
2024-04-16  9:04:39 0 [Note] InnoDB: Opened 3 undo tablespaces
2024-04-16  9:04:39 0 [Note] InnoDB: 128 rollback segments in 3 undo tablespaces are active.
2024-04-16  9:04:39 0 [Note] InnoDB: Setting file './ibtmp1' size to 12.000MiB. Physically writing the file full; Please wait ...
2024-04-16  9:04:39 0 [Note] InnoDB: File './ibtmp1' size is now 12.000MiB.
2024-04-16  9:04:39 0 [Note] InnoDB: log sequence number 47763; transaction id 14
2024-04-16  9:04:39 0 [Note] Plugin 'FEEDBACK' is disabled.
2024-04-16  9:04:39 0 [Note] InnoDB: Loading buffer pool(s) from C:\Users\kjsk1\Documents\kjs\Workspace\TetrisDefence\TetrisDefenceServer\DBServer\data\ib_buffer_pool
2024-04-16  9:04:39 0 [Note] mysqld.exe: SSPI: using principal name 'localhost', mech 'Negotiate'
2024-04-16  9:04:39 0 [Note] InnoDB: Buffer pool(s) load completed at 240416  9:04:39
2024-04-16  9:04:39 0 [Note] Server socket created on IP: '::'.
2024-04-16  9:04:39 0 [Note] Server socket created on IP: '0.0.0.0'.
2024-04-16  9:04:39 0 [Note] mysqld.exe: Event Scheduler: Loaded 0 events
2024-04-16  9:04:39 0 [Note] C:\Users\kjsk1\Documents\kjs\Workspace\TetrisDefence\TetrisDefenceServer\DBServer\bin\mysqld.exe: ready for connections.
Version: '11.3.2-MariaDB'  socket: ''  port: 3306  mariadb.org binary distribution
2024-04-16  9:04:49 0 [Note] Windows service "MariaDB":  received SERVICE_CONTROL_STOP
2024-04-16  9:04:49 0 [Note] C:\Users\kjsk1\Documents\kjs\Workspace\TetrisDefence\TetrisDefenceServer\DBServer\bin\mysqld.exe (initiated by: unknown): Normal shutdown
2024-04-16  9:04:49 0 [Note] InnoDB: FTS optimize thread exiting.
2024-04-16  9:04:49 0 [Note] InnoDB: Starting shutdown...
2024-04-16  9:04:49 0 [Note] InnoDB: Dumping buffer pool(s) to C:\Users\kjsk1\Documents\kjs\Workspace\TetrisDefence\TetrisDefenceServer\DBServer\data\ib_buffer_pool
2024-04-16  9:04:49 0 [Note] InnoDB: Buffer pool(s) dump completed at 240416  9:04:49
2024-04-16  9:04:49 0 [Note] InnoDB: Removed temporary tablespace data file: "./ibtmp1"
2024-04-16  9:04:49 0 [Note] InnoDB: Shutdown completed; log sequence number 47763; transaction id 15
2024-04-16  9:04:49 0 [Note] C:\Users\kjsk1\Documents\kjs\Workspace\TetrisDefence\TetrisDefenceServer\DBServer\bin\mysqld.exe: Shutdown complete

2024-04-16  9:06:40 0 [Note] Starting MariaDB 11.3.2-MariaDB source revision 068a6819eb63bcb01fdfa037c9bf3bf63c33ee42 as process 20512
2024-04-16  9:06:40 0 [Note] InnoDB: Compressed tables use zlib 1.3
2024-04-16  9:06:40 0 [Note] InnoDB: Number of transaction pools: 1
2024-04-16  9:06:40 0 [Note] InnoDB: Using crc32 + pclmulqdq instructions
2024-04-16  9:06:40 0 [Note] InnoDB: Initializing buffer pool, total size = 128.000MiB, chunk size = 2.000MiB
2024-04-16  9:06:40 0 [Note] InnoDB: Completed initialization of buffer pool
2024-04-16  9:06:40 0 [Note] InnoDB: File system buffers for log disabled (block size=512 bytes)
2024-04-16  9:06:40 0 [Note] InnoDB: End of log at LSN=47763
2024-04-16  9:06:40 0 [Note] InnoDB: Opened 3 undo tablespaces
2024-04-16  9:06:40 0 [Note] InnoDB: 128 rollback segments in 3 undo tablespaces are active.
2024-04-16  9:06:40 0 [Note] InnoDB: Setting file './ibtmp1' size to 12.000MiB. Physically writing the file full; Please wait ...
2024-04-16  9:06:40 0 [Note] InnoDB: File './ibtmp1' size is now 12.000MiB.
2024-04-16  9:06:40 0 [Note] InnoDB: log sequence number 47763; transaction id 14
2024-04-16  9:06:40 0 [Note] Plugin 'FEEDBACK' is disabled.
2024-04-16  9:06:40 0 [Note] InnoDB: Loading buffer pool(s) from C:\Users\kjsk1\Documents\kjs\Workspace\TetrisDefence\TetrisDefenceServer\DBServer\data\ib_buffer_pool
2024-04-16  9:06:40 0 [Note] mysqld.exe: SSPI: using principal name 'localhost', mech 'Negotiate'
2024-04-16  9:06:40 0 [Note] InnoDB: Buffer pool(s) load completed at 240416  9:06:40
2024-04-16  9:06:40 0 [Note] Server socket created on IP: '::'.
2024-04-16  9:06:40 0 [Note] Server socket created on IP: '0.0.0.0'.
2024-04-16  9:06:40 0 [Note] mysqld.exe: Event Scheduler: Loaded 0 events
2024-04-16  9:06:40 0 [Note] C:\Users\kjsk1\Documents\kjs\Workspace\TetrisDefence\TetrisDefenceServer\DBServer\bin\mysqld.exe: ready for connections.
Version: '11.3.2-MariaDB'  socket: ''  port: 3306  mariadb.org binary distribution
2024-04-16  9:08:40 3 [Warning] Access denied for user 'kjsk1'@'localhost' (using password: NO)
2024-04-16  9:11:17 4 [Warning] Aborted connection 4 to db: 'unconnected' user: 'root' host: 'localhost' (Got an error reading communication packets)
2024-04-16  9:13:12 5 [Warning] Aborted connection 5 to db: 'unconnected' user: 'root' host: 'localhost' (Got an error reading communication packets)
2024-04-17 17:08:41 0 [Note] Windows service "MariaDB":  received SERVICE_CONTROL_STOP
2024-04-17 17:08:41 0 [Note] C:\Users\kjsk1\Documents\kjs\Workspace\TetrisDefence\TetrisDefenceServer\DBServer\bin\mysqld.exe (initiated by: unknown): Normal shutdown
2024-04-17 17:08:41 0 [Note] InnoDB: FTS optimize thread exiting.
2024-04-17 17:08:41 0 [Note] InnoDB: Starting shutdown...
2024-04-17 17:08:41 0 [Note] InnoDB: Dumping buffer pool(s) to C:\Users\kjsk1\Documents\kjs\Workspace\TetrisDefence\TetrisDefenceServer\DBServer\data\ib_buffer_pool
2024-04-17 17:08:41 0 [Note] InnoDB: Buffer pool(s) dump completed at 240417 17:08:41
2024-04-17 17:08:41 0 [Note] InnoDB: Removed temporary tablespace data file: "./ibtmp1"
2024-04-17 17:08:41 0 [Note] InnoDB: Shutdown completed; log sequence number 47763; transaction id 15
2024-04-17 17:08:41 0 [Note] C:\Users\kjsk1\Documents\kjs\Workspace\TetrisDefence\TetrisDefenceServer\DBServer\bin\mysqld.exe: Shutdown complete

2024-04-17 17:09:00 0 [Note] Starting MariaDB 11.3.2-MariaDB source revision 068a6819eb63bcb01fdfa037c9bf3bf63c33ee42 as process 28312
2024-04-17 17:09:00 0 [Note] InnoDB: Compressed tables use zlib 1.3
2024-04-17 17:09:00 0 [Note] InnoDB: Number of transaction pools: 1
2024-04-17 17:09:00 0 [Note] InnoDB: Using crc32 + pclmulqdq instructions
2024-04-17 17:09:00 0 [Note] InnoDB: Initializing buffer pool, total size = 128.000MiB, chunk size = 2.000MiB
2024-04-17 17:09:00 0 [Note] InnoDB: Completed initialization of buffer pool
2024-04-17 17:09:00 0 [Note] InnoDB: File system buffers for log disabled (block size=512 bytes)
2024-04-17 17:09:00 0 [Note] InnoDB: End of log at LSN=47763
2024-04-17 17:09:00 0 [Note] InnoDB: Opened 3 undo tablespaces
2024-04-17 17:09:00 0 [Note] InnoDB: 128 rollback segments in 3 undo tablespaces are active.
2024-04-17 17:09:00 0 [Note] InnoDB: Setting file './ibtmp1' size to 12.000MiB. Physically writing the file full; Please wait ...
2024-04-17 17:09:00 0 [Note] InnoDB: File './ibtmp1' size is now 12.000MiB.
2024-04-17 17:09:00 0 [Note] InnoDB: log sequence number 47763; transaction id 14
2024-04-17 17:09:00 0 [Note] Plugin 'FEEDBACK' is disabled.
2024-04-17 17:09:00 0 [Note] InnoDB: Loading buffer pool(s) from C:\Users\kjsk1\Documents\kjs\Workspace\TetrisDefence\TetrisDefenceServer\DBServer\data\ib_buffer_pool
2024-04-17 17:09:00 0 [Note] mysqld.exe: SSPI: using principal name 'localhost', mech 'Negotiate'
2024-04-17 17:09:00 0 [Note] InnoDB: Buffer pool(s) load completed at 240417 17:09:00
2024-04-17 17:09:00 0 [Note] Server socket created on IP: '::'.
2024-04-17 17:09:00 0 [Note] Server socket created on IP: '0.0.0.0'.
2024-04-17 17:09:00 0 [Note] mysqld.exe: Event Scheduler: Loaded 0 events
2024-04-17 17:09:00 0 [Note] C:\Users\kjsk1\Documents\kjs\Workspace\TetrisDefence\TetrisDefenceServer\DBServer\bin\mysqld.exe: ready for connections.
Version: '11.3.2-MariaDB'  socket: ''  port: 3306  mariadb.org binary distribution
2024-04-22 10:04:30 0 [Note] Windows service "MariaDB":  received SERVICE_CONTROL_STOP
2024-04-22 10:04:30 0 [Note] C:\Users\kjsk1\Documents\kjs\Workspace\TetrisDefence\TetrisDefenceServer\DBServer\bin\mysqld.exe (initiated by: unknown): Normal shutdown
2024-04-22 10:04:30 0 [Note] InnoDB: FTS optimize thread exiting.
2024-04-22 10:04:30 0 [Note] InnoDB: Starting shutdown...
2024-04-22 10:04:30 0 [Note] InnoDB: Dumping buffer pool(s) to C:\Users\kjsk1\Documents\kjs\Workspace\TetrisDefence\TetrisDefenceServer\DBServer\data\ib_buffer_pool
2024-04-22 10:04:30 0 [Note] InnoDB: Buffer pool(s) dump completed at 240422 10:04:30
2024-04-22 10:04:30 0 [Note] InnoDB: Removed temporary tablespace data file: "./ibtmp1"
2024-04-22 10:04:30 0 [Note] InnoDB: Shutdown completed; log sequence number 47763; transaction id 15
2024-04-22 10:04:30 0 [Note] C:\Users\kjsk1\Documents\kjs\Workspace\TetrisDefence\TetrisDefenceServer\DBServer\bin\mysqld.exe: Shutdown complete

2024-04-22 10:04:31 0 [Note] Starting MariaDB 11.3.2-MariaDB source revision 068a6819eb63bcb01fdfa037c9bf3bf63c33ee42 as process 7532
2024-04-22 10:04:31 0 [Note] InnoDB: Compressed tables use zlib 1.3
2024-04-22 10:04:31 0 [Note] InnoDB: Number of transaction pools: 1
2024-04-22 10:04:31 0 [Note] InnoDB: Using crc32 + pclmulqdq instructions
2024-04-22 10:04:31 0 [Note] InnoDB: Initializing buffer pool, total size = 128.000MiB, chunk size = 2.000MiB
2024-04-22 10:04:31 0 [Note] InnoDB: Completed initialization of buffer pool
2024-04-22 10:04:31 0 [Note] InnoDB: File system buffers for log disabled (block size=512 bytes)
2024-04-22 10:04:31 0 [Note] InnoDB: End of log at LSN=47763
2024-04-22 10:04:31 0 [Note] InnoDB: Opened 3 undo tablespaces
2024-04-22 10:04:31 0 [Note] InnoDB: 128 rollback segments in 3 undo tablespaces are active.
2024-04-22 10:04:31 0 [Note] InnoDB: Setting file './ibtmp1' size to 12.000MiB. Physically writing the file full; Please wait ...
2024-04-22 10:04:31 0 [Note] InnoDB: File './ibtmp1' size is now 12.000MiB.
2024-04-22 10:04:31 0 [Note] InnoDB: log sequence number 47763; transaction id 14
2024-04-22 10:04:31 0 [Note] InnoDB: Loading buffer pool(s) from C:\Users\kjsk1\Documents\kjs\Workspace\TetrisDefence\TetrisDefenceServer\DBServer\data\ib_buffer_pool
2024-04-22 10:04:31 0 [Note] Plugin 'FEEDBACK' is disabled.
2024-04-22 10:04:31 0 [Note] mysqld.exe: SSPI: using principal name 'localhost', mech 'Negotiate'
2024-04-22 10:04:31 0 [Note] InnoDB: Buffer pool(s) load completed at 240422 10:04:31
2024-04-22 10:04:31 0 [Note] C:\Program Files\MariaDB 11.3\bin\mysqld.exe: ready for connections.
Version: '11.3.2-MariaDB'  socket: ''  port: 0  mariadb.org binary distribution
2024-04-22 10:04:46 0 [Note] C:\Program Files\MariaDB 11.3\bin\mysqld.exe (initiated by: unknown): Normal shutdown
2024-04-22 10:04:46 0 [Note] InnoDB: FTS optimize thread exiting.
2024-04-22 10:04:46 0 [Note] InnoDB: Starting shutdown...
2024-04-22 10:04:46 0 [Note] InnoDB: Dumping buffer pool(s) to C:\Users\kjsk1\Documents\kjs\Workspace\TetrisDefence\TetrisDefenceServer\DBServer\data\ib_buffer_pool
2024-04-22 10:04:46 0 [Note] InnoDB: Buffer pool(s) dump completed at 240422 10:04:46
2024-04-22 10:04:46 0 [Note] InnoDB: Removed temporary tablespace data file: "./ibtmp1"
2024-04-22 10:04:46 0 [Note] InnoDB: Shutdown completed; log sequence number 47763; transaction id 18
2024-04-22 10:04:46 0 [Note] C:\Program Files\MariaDB 11.3\bin\mysqld.exe: Shutdown complete

2024-04-22 10:04:46 0 [Note] Starting MariaDB 11.3.2-MariaDB source revision 068a6819eb63bcb01fdfa037c9bf3bf63c33ee42 as process 28880
2024-04-22 10:04:46 0 [Note] InnoDB: Compressed tables use zlib 1.3
2024-04-22 10:04:46 0 [Note] InnoDB: Number of transaction pools: 1
2024-04-22 10:04:46 0 [Note] InnoDB: Using crc32 + pclmulqdq instructions
2024-04-22 10:04:46 0 [Note] InnoDB: Initializing buffer pool, total size = 128.000MiB, chunk size = 2.000MiB
2024-04-22 10:04:46 0 [Note] InnoDB: Completed initialization of buffer pool
2024-04-22 10:04:46 0 [Note] InnoDB: File system buffers for log disabled (block size=512 bytes)
2024-04-22 10:04:46 0 [Note] InnoDB: End of log at LSN=47763
2024-04-22 10:04:47 0 [Note] InnoDB: Opened 3 undo tablespaces
2024-04-22 10:04:47 0 [Note] InnoDB: 128 rollback segments in 3 undo tablespaces are active.
2024-04-22 10:04:47 0 [Note] InnoDB: Setting file './ibtmp1' size to 12.000MiB. Physically writing the file full; Please wait ...
2024-04-22 10:04:47 0 [Note] InnoDB: File './ibtmp1' size is now 12.000MiB.
2024-04-22 10:04:47 0 [Note] InnoDB: log sequence number 47763; transaction id 14
2024-04-22 10:04:47 0 [Note] Plugin 'FEEDBACK' is disabled.
2024-04-22 10:04:47 0 [Note] InnoDB: Loading buffer pool(s) from C:\Users\kjsk1\Documents\kjs\Workspace\TetrisDefence\TetrisDefenceServer\DBServer\data\ib_buffer_pool
2024-04-22 10:04:47 0 [Note] mysqld.exe: SSPI: using principal name 'localhost', mech 'Negotiate'
2024-04-22 10:04:47 0 [Note] InnoDB: Buffer pool(s) load completed at 240422 10:04:47
2024-04-22 10:04:47 0 [Note] Server socket created on IP: '::'.
2024-04-22 10:04:47 0 [Note] Server socket created on IP: '0.0.0.0'.
2024-04-22 10:04:47 0 [Note] mysqld.exe: Event Scheduler: Loaded 0 events
2024-04-22 10:04:47 0 [Note] C:\Program Files\MariaDB 11.3\bin\mysqld.exe: ready for connections.
Version: '11.3.2-MariaDB'  socket: ''  port: 3306  mariadb.org binary distribution
